<component name="libraryTable">
  <library name="junit.pioneer" type="repository">
    <properties include-transitive-deps="false" maven-id="org.junit-pioneer:junit-pioneer:1.7.1" />
    <CLASSES>
      <root url="jar://$PROJECT_DIR$/lib/junit-pioneer-1.7.1.jar!/" />
    </CLASSES>
    <JAVADOC />
    <SOURCES />
  </library>
</component>