<component name="libraryTable">
  <library name="junit.jupiter" type="repository">
    <properties include-transitive-deps="false" maven-id="org.junit.jupiter:junit-jupiter:5.9.1" />
    <CLASSES>
      <root url="jar://$PROJECT_DIR$/lib/junit-jupiter-5.9.1.jar!/" />
    </CLASSES>
    <JAVADOC />
    <SOURCES />
  </library>
</component>